console.error: SearchCache: "_readCacheFile: Error reading cache file:" (new Error("", "(unknown module)"))
1600795649078	Marionette	INFO	Listening on port 46789
1600795649137	Marionette	WARN	TLS certificate errors will be ignored for this session
JavaScript error: https://mdn.r.worldssl.net/js/minuteinbox.min.js?time=310520191048, line 9: SecurityError: Permission denied to access property "setInterval" on cross-origin object
Exiting due to channel error.
Exiting due to channel error.
Exiting due to channel error.
console.error: SearchCache: "_readCacheFile: Error reading cache file:" (new Error("", "(unknown module)"))
1600795851856	Marionette	INFO	Listening on port 46085
1600795851947	Marionette	WARN	TLS certificate errors will be ignored for this session
Exiting due to channel error.
Exiting due to channel error.
Exiting due to channel error.
console.error: SearchCache: "_readCacheFile: Error reading cache file:" (new Error("", "(unknown module)"))
1600795895551	Marionette	INFO	Listening on port 42331
1600795895632	Marionette	WARN	TLS certificate errors will be ignored for this session
JavaScript error: resource://gre/modules/URIFixup.jsm, line 271: NS_ERROR_FAILURE: Should pass a non-null uri
JavaScript error: https://b-ok.cc/profile.php, line 195: TypeError: data is undefined
JavaScript error: https://b-ok.cc/profile.php, line 195: TypeError: data is undefined
Exiting due to channel error.
Exiting due to channel error.
Exiting due to channel error.
Exiting due to channel error.
console.error: SearchCache: "_readCacheFile: Error reading cache file:" (new Error("", "(unknown module)"))
1600796111322	Marionette	INFO	Listening on port 45233
1600796111423	Marionette	WARN	TLS certificate errors will be ignored for this session
JavaScript error: https://mdn.r.worldssl.net/js/minuteinbox.min.js?time=310520191048, line 9: SecurityError: Permission denied to access property "setInterval" on cross-origin object
JavaScript error: https://tpc.googlesyndication.com/pagead/js/r20200918/r20110914/client/qs_click_protection_fy2019.js, line 14: NS_ERROR_NOT_INITIALIZED: 
JavaScript error: https://tpc.googlesyndication.com/pagead/js/r20200918/r20110914/client/qs_click_protection_fy2019.js, line 14: NS_ERROR_NOT_INITIALIZED: 
Exiting due to channel error.
Exiting due to channel error.
Exiting due to channel error.
console.error: SearchCache: "_readCacheFile: Error reading cache file:" (new Error("", "(unknown module)"))
1600796234924	Marionette	INFO	Listening on port 36027
1600796235006	Marionette	WARN	TLS certificate errors will be ignored for this session
1600796352475	Marionette	INFO	Stopped listening on port 36027
console.error: SearchCache: "_readCacheFile: Error reading cache file:" (new Error("", "(unknown module)"))
1600796360097	Marionette	INFO	Listening on port 43877
1600796360162	Marionette	WARN	TLS certificate errors will be ignored for this session
console.error: Region.jsm: "Error fetching region" (new AbortError("The operation was aborted. ", (void 0), 689))
console.error: Region.jsm: "Failed to fetch region" (new Error("NO_RESULT", "resource://gre/modules/Region.jsm", 343))
1600797038390	Marionette	INFO	Stopped listening on port 43877
